Phase 1: Packages
Hit:1 http://security.ubuntu.com/ubuntu noble-security InRelease
Hit:2 https://dl.google.com/linux/chrome/deb stable InRelease
Hit:3 http://ke.archive.ubuntu.com/ubuntu noble InRelease
Hit:4 http://ke.archive.ubuntu.com/ubuntu noble-updates InRelease
Hit:5 http://ke.archive.ubuntu.com/ubuntu noble-backports InRelease
Reading package lists...
Building dependency tree...
Reading state information...
All packages are up to date.
Reading package lists...
Building dependency tree...
Reading state information...
nginx is already the newest version (1.24.0-2ubuntu7.6).
ufw is already the newest version (0.36.2-6).
curl is already the newest version (8.5.0-2ubuntu10.8).
0 upgraded, 0 newly installed, 0 to remove and 0 not upgraded.
Phase 2: Users
uid=995(kk-api) gid=1001(kijanikiosk) groups=1001(kijanikiosk)
uid=994(kk-payments) gid=1001(kijanikiosk) groups=1001(kijanikiosk)
uid=993(kk-logs) gid=1001(kijanikiosk) groups=1001(kijanikiosk)
Phase 3: Directories
Phase 4: Systemd
Phase 5: Firewall
Backing up 'user.rules' to '/etc/ufw/user.rules.20260406_085844'
Backing up 'before.rules' to '/etc/ufw/before.rules.20260406_085844'
Backing up 'after.rules' to '/etc/ufw/after.rules.20260406_085844'
Backing up 'user6.rules' to '/etc/ufw/user6.rules.20260406_085844'
Backing up 'before6.rules' to '/etc/ufw/before6.rules.20260406_085844'
Backing up 'after6.rules' to '/etc/ufw/after6.rules.20260406_085844'

Rules updated
Rules updated (v6)
Rules updated
Rules updated (v6)
Rules updated
Rules updated (v6)
Firewall is active and enabled on system startup
Phase 6: Logrotate
Phase 7: Journal
Phase 8: Health
{"status":"down"}
DONE
